#
# There is insufficient memory for the Java Runtime Environment to continue.
# Native memory allocation (malloc) failed to allocate 65552 bytes for Chunk::new
# Possible reasons:
#   The system is out of physical RAM or swap space
#   The process is running with CompressedOops enabled, and the Java Heap may be blocking the growth of the native heap
# Possible solutions:
#   Reduce memory load on the system
#   Increase physical memory or swap space
#   Check if swap backing store is full
#   Decrease Java heap size (-Xmx/-Xms)
#   Decrease number of Java threads
#   Decrease Java thread stack sizes (-Xss)
#   Set larger code cache with -XX:ReservedCodeCacheSize=
#   JVM is running with Zero Based Compressed Oops mode in which the Java heap is
#     placed in the first 32GB address space. The Java Heap base address is the
#     maximum limit for the native heap growth. Please use -XX:HeapBaseMinAddress
#     to set the Java Heap base and to place the Java Heap above 32GB virtual address.
# This output file may be truncated or incomplete.
#
#  Out of Memory Error (allocation.cpp:389), pid=33572, tid=0x000000000000e2b4
#
# JRE version: OpenJDK Runtime Environment (8.0_265-b01) (build 1.8.0_265-b01)
# Java VM: OpenJDK 64-Bit Server VM (25.265-b01 mixed mode windows-amd64 compressed oops)
# Failed to write core dump. Minidumps are not enabled by default on client versions of Windows
#

---------------  T H R E A D  ---------------

Current thread (0x0000024a4074d800):  JavaThread "C2 CompilerThread0" daemon [_thread_in_native, id=58036, stack(0x000000e77fe00000,0x000000e77ff00000)]

Stack: [0x000000e77fe00000,0x000000e77ff00000]
[error occurred during error reporting (printing stack bounds), id 0xc0000005]

Native frames: (J=compiled Java code, j=interpreted, Vv=VM code, C=native code)


Current CompileTask:
C2:  17111 7699       4       com.st.microxplorer.mcu.IP::getParameterValue (320 bytes)


---------------  P R O C E S S  ---------------

Java Threads: ( => current thread )
  0x0000024a40756000 JavaThread "Image Fetcher 0" daemon [_thread_blocked, id=58248, stack(0x000000e700800000,0x000000e700900000)]
  0x0000024a40757000 JavaThread "TimerQueue" daemon [_thread_blocked, id=38396, stack(0x000000e701100000,0x000000e701200000)]
  0x0000024a25157800 JavaThread "DestroyJavaVM" [_thread_blocked, id=60332, stack(0x000000e77f400000,0x000000e77f500000)]
  0x0000024a4189e800 JavaThread "SplashThread" [_thread_blocked, id=30312, stack(0x000000e700700000,0x000000e700800000)]
  0x0000024a41882000 JavaThread "AWT-EventQueue-0" [_thread_in_Java, id=55552, stack(0x000000e700600000,0x000000e700700000)]
  0x0000024a417d4000 JavaThread "AWT-Windows" daemon [_thread_in_native, id=37012, stack(0x000000e700500000,0x000000e700600000)]
  0x0000024a417d2800 JavaThread "AWT-Shutdown" [_thread_blocked, id=43536, stack(0x000000e700400000,0x000000e700500000)]
  0x0000024a417e4800 JavaThread "Java2D Disposer" daemon [_thread_blocked, id=54316, stack(0x000000e700300000,0x000000e700400000)]
  0x0000024a407e4800 JavaThread "Service Thread" daemon [_thread_blocked, id=60396, stack(0x000000e700100000,0x000000e700200000)]
  0x0000024a40755800 JavaThread "C1 CompilerThread2" daemon [_thread_blocked, id=30520, stack(0x000000e700000000,0x000000e700100000)]
  0x0000024a40757800 JavaThread "C2 CompilerThread1" daemon [_thread_in_native, id=57860, stack(0x000000e77ff00000,0x000000e780000000)]
=>0x0000024a4074d800 JavaThread "C2 CompilerThread0" daemon [_thread_in_native, id=58036, stack(0x000000e77fe00000,0x000000e77ff00000)]
  0x0000024a406f6000 JavaThread "Attach Listener" daemon [_thread_blocked, id=59912, stack(0x000000e77fd00000,0x000000e77fe00000)]
  0x0000024a406f5000 JavaThread "Signal Dispatcher" daemon [_thread_blocked, id=56228, stack(0x000000e77fc00000,0x000000e77fd00000)]
  0x0000024a406c6800 JavaThread "Finalizer" daemon [_thread_blocked, id=52792, stack(0x000000e77fb00000,0x000000e77fc00000)]
  0x0000024a3ff81000 JavaThread "Reference Handler" daemon [_thread_blocked, id=36932, stack(0x000000e77fa00000,0x000000e77fb00000)]

Other Threads:
  0x0000024a406a2000 VMThread [stack: 0x000000e77f900000,0x000000e77fa00000] [id=54780]
  0x0000024a407e7800 WatcherThread [stack: 0x000000e700200000,0x000000e700300000] [id=58908]

VM state:not at safepoint (normal execution)

VM Mutex/Monitor currently owned by a thread: None

heap address: 0x00000006c2000000, size: 4064 MB, Compressed Oops mode: Zero based, Oop shift amount: 3
Narrow klass base: 0x0000000000000000, Narrow klass shift: 3
Compressed class space size: 1073741824 Address: 0x00000007c0000000

Heap:
 PSYoungGen      total 1305088K, used 186490K [0x000000076b580000, 0x00000007c0000000, 0x00000007c0000000)
  eden space 1289728K, 14% used [0x000000076b580000,0x0000000776b9ea20,0x00000007ba100000)
  from space 15360K, 0% used [0x00000007bf100000,0x00000007bf100000,0x00000007c0000000)
  to   space 48640K, 0% used [0x00000007ba100000,0x00000007ba100000,0x00000007bd080000)
 ParOldGen       total 264704K, used 210245K [0x00000006c2000000, 0x00000006d2280000, 0x000000076b580000)
  object space 264704K, 79% used [0x00000006c2000000,0x00000006ced51550,0x00000006d2280000)
 Metaspace       used 48189K, capacity 50696K, committed 50984K, reserved 1097728K
  class space    used 5628K, capacity 6702K, committed 6704K, reserved 1048576K

Card table byte_map: [0x0000024a36200000,0x0000024a36a00000] byte_map_base: 0x0000024a32bf0000

Marking Bits: (ParMarkBitMap*) 0x0000000052583280
 Begin Bits: [0x0000024a36f50000, 0x0000024a3aed0000)
 End Bits:   [0x0000024a3aed0000, 0x0000024a3ee50000)

Polling page: 0x0000024a25300000

CodeCache: size=245760Kb used=20977Kb max_used=21705Kb free=224782Kb
 bounds [0x0000024a26e40000, 0x0000024a283a0000, 0x0000024a35e40000]
 total_blobs=6894 nmethods=6230 adapters=572
 compilation: enabled

Compilation events (10 events):
Event: 17.103 Thread 0x0000024a40755800 7712       1       com.st.microxplorer.plugins.clock.model.clocktree.Signal::getId (5 bytes)
Event: 17.103 Thread 0x0000024a40755800 nmethod 7712 0x0000024a27011410 code [0x0000024a27011560, 0x0000024a27011678]
Event: 17.106 Thread 0x0000024a40755800 7714       3       java.beans.PropertyChangeSupport::firePropertyChange (19 bytes)
Event: 17.107 Thread 0x0000024a40755800 nmethod 7714 0x0000024a274d3a50 code [0x0000024a274d3be0, 0x0000024a274d3fb0]
Event: 17.107 Thread 0x0000024a40755800 7716       3       java.beans.PropertyChangeSupport::firePropertyChange (35 bytes)
Event: 17.107 Thread 0x0000024a40755800 nmethod 7716 0x0000024a27a45890 code [0x0000024a27a45a40, 0x0000024a27a460f0]
Event: 17.107 Thread 0x0000024a40755800 7715       3       com.st.microxplorer.mcu.IP::getParameterValue (7 bytes)
Event: 17.107 Thread 0x0000024a40755800 nmethod 7715 0x0000024a27008c90 code [0x0000024a27008e00, 0x0000024a27009030]
Event: 17.107 Thread 0x0000024a40755800 7717       3       java.lang.Boolean::parseBoolean (19 bytes)
Event: 17.107 Thread 0x0000024a40755800 nmethod 7717 0x0000024a271b3b50 code [0x0000024a271b3cc0, 0x0000024a271b3f50]

GC Heap History (10 events):
Event: 14.394 GC heap before
{Heap before GC invocations=49 (full 2):
 PSYoungGen      total 1362432K, used 1362416K [0x000000076b580000, 0x00000007c0000000, 0x00000007c0000000)
  eden space 1352704K, 100% used [0x000000076b580000,0x00000007bde80000,0x00000007bde80000)
  from space 9728K, 99% used [0x00000007bef00000,0x00000007bf87c060,0x00000007bf880000)
  to   space 16896K, 0% used [0x00000007bde80000,0x00000007bde80000,0x00000007bef00000)
 ParOldGen       total 221696K, used 173735K [0x00000006c2000000, 0x00000006cf880000, 0x000000076b580000)
  object space 221696K, 78% used [0x00000006c2000000,0x00000006cc9a9c30,0x00000006cf880000)
 Metaspace       used 46714K, capacity 49164K, committed 49320K, reserved 1091584K
  class space    used 5507K, capacity 6564K, committed 6576K, reserved 1048576K
Event: 14.407 GC heap after
Heap after GC invocations=49 (full 2):
 PSYoungGen      total 1369600K, used 448K [0x000000076b580000, 0x00000007c0000000, 0x00000007c0000000)
  eden space 1352704K, 0% used [0x000000076b580000,0x000000076b580000,0x00000007bde80000)
  from space 16896K, 2% used [0x00000007bde80000,0x00000007bdef0000,0x00000007bef00000)
  to   space 16384K, 0% used [0x00000007bf000000,0x00000007bf000000,0x00000007c0000000)
 ParOldGen       total 221696K, used 183468K [0x00000006c2000000, 0x00000006cf880000, 0x000000076b580000)
  object space 221696K, 82% used [0x00000006c2000000,0x00000006cd32b160,0x00000006cf880000)
 Metaspace       used 46714K, capacity 49164K, committed 49320K, reserved 1091584K
  class space    used 5507K, capacity 6564K, committed 6576K, reserved 1048576K
}
Event: 14.498 GC heap before
{Heap before GC invocations=50 (full 2):
 PSYoungGen      total 1369600K, used 1353152K [0x000000076b580000, 0x00000007c0000000, 0x00000007c0000000)
  eden space 1352704K, 100% used [0x000000076b580000,0x00000007bde80000,0x00000007bde80000)
  from space 16896K, 2% used [0x00000007bde80000,0x00000007bdef0000,0x00000007bef00000)
  to   space 16384K, 0% used [0x00000007bf000000,0x00000007bf000000,0x00000007c0000000)
 ParOldGen       total 221696K, used 183468K [0x00000006c2000000, 0x00000006cf880000, 0x000000076b580000)
  object space 221696K, 82% used [0x00000006c2000000,0x00000006cd32b160,0x00000006cf880000)
 Metaspace       used 46718K, capacity 49164K, committed 49320K, reserved 1091584K
  class space    used 5507K, capacity 6564K, committed 6576K, reserved 1048576K
Event: 14.501 GC heap after
Heap after GC invocations=50 (full 2):
 PSYoungGen      total 1368576K, used 384K [0x000000076b580000, 0x00000007bfe80000, 0x00000007c0000000)
  eden space 1353728K, 0% used [0x000000076b580000,0x000000076b580000,0x00000007bdf80000)
  from space 14848K, 2% used [0x00000007bf000000,0x00000007bf060000,0x00000007bfe80000)
  to   space 15872K, 0% used [0x00000007bdf80000,0x00000007bdf80000,0x00000007bef00000)
 ParOldGen       total 221696K, used 183484K [0x00000006c2000000, 0x00000006cf880000, 0x000000076b580000)
  object space 221696K, 82% used [0x00000006c2000000,0x00000006cd32f160,0x00000006cf880000)
 Metaspace       used 46718K, capacity 49164K, committed 49320K, reserved 1091584K
  class space    used 5507K, capacity 6564K, committed 6576K, reserved 1048576K
}
Event: 14.560 GC heap before
{Heap before GC invocations=51 (full 2):
 PSYoungGen      total 1368576K, used 1354112K [0x000000076b580000, 0x00000007bfe80000, 0x00000007c0000000)
  eden space 1353728K, 100% used [0x000000076b580000,0x00000007bdf80000,0x00000007bdf80000)
  from space 14848K, 2% used [0x00000007bf000000,0x00000007bf060000,0x00000007bfe80000)
  to   space 15872K, 0% used [0x00000007bdf80000,0x00000007bdf80000,0x00000007bef00000)
 ParOldGen       total 221696K, used 183484K [0x00000006c2000000, 0x00000006cf880000, 0x000000076b580000)
  object space 221696K, 82% used [0x00000006c2000000,0x00000006cd32f160,0x00000006cf880000)
 Metaspace       used 46718K, capacity 49164K, committed 49320K, reserved 1091584K
  class space    used 5507K, capacity 6564K, committed 6576K, reserved 1048576K
Event: 14.562 GC heap after
Heap after GC invocations=51 (full 2):
 PSYoungGen      total 1369600K, used 256K [0x000000076b580000, 0x00000007c0000000, 0x00000007c0000000)
  eden space 1353728K, 0% used [0x000000076b580000,0x000000076b580000,0x00000007bdf80000)
  from space 15872K, 1% used [0x00000007bdf80000,0x00000007bdfc0000,0x00000007bef00000)
  to   space 15360K, 0% used [0x00000007bf100000,0x00000007bf100000,0x00000007c0000000)
 ParOldGen       total 221696K, used 183492K [0x00000006c2000000, 0x00000006cf880000, 0x000000076b580000)
  object space 221696K, 82% used [0x00000006c2000000,0x00000006cd331160,0x00000006cf880000)
 Metaspace       used 46718K, capacity 49164K, committed 49320K, reserved 1091584K
  class space    used 5507K, capacity 6564K, committed 6576K, reserved 1048576K
}
Event: 15.905 GC heap before
{Heap before GC invocations=52 (full 2):
 PSYoungGen      total 1369600K, used 1353984K [0x000000076b580000, 0x00000007c0000000, 0x00000007c0000000)
  eden space 1353728K, 100% used [0x000000076b580000,0x00000007bdf80000,0x00000007bdf80000)
  from space 15872K, 1% used [0x00000007bdf80000,0x00000007bdfc0000,0x00000007bef00000)
  to   space 15360K, 0% used [0x00000007bf100000,0x00000007bf100000,0x00000007c0000000)
 ParOldGen       total 221696K, used 183492K [0x00000006c2000000, 0x00000006cf880000, 0x000000076b580000)
  object space 221696K, 82% used [0x00000006c2000000,0x00000006cd331160,0x00000006cf880000)
 Metaspace       used 47357K, capacity 49936K, committed 50216K, reserved 1093632K
  class space    used 5544K, capacity 6602K, committed 6704K, reserved 1048576K
Event: 15.978 GC heap after
Heap after GC invocations=52 (full 2):
 PSYoungGen      total 1305088K, used 15360K [0x000000076b580000, 0x00000007c0000000, 0x00000007c0000000)
  eden space 1289728K, 0% used [0x000000076b580000,0x000000076b580000,0x00000007ba100000)
  from space 15360K, 100% used [0x00000007bf100000,0x00000007c0000000,0x00000007c0000000)
  to   space 48640K, 0% used [0x00000007ba100000,0x00000007ba100000,0x00000007bd080000)
 ParOldGen       total 264704K, used 264183K [0x00000006c2000000, 0x00000006d2280000, 0x000000076b580000)
  object space 264704K, 99% used [0x00000006c2000000,0x00000006d21fdf80,0x00000006d2280000)
 Metaspace       used 47357K, capacity 49936K, committed 50216K, reserved 1093632K
  class space    used 5544K, capacity 6602K, committed 6704K, reserved 1048576K
}
Event: 15.978 GC heap before
{Heap before GC invocations=53 (full 3):
 PSYoungGen      total 1305088K, used 15360K [0x000000076b580000, 0x00000007c0000000, 0x00000007c0000000)
  eden space 1289728K, 0% used [0x000000076b580000,0x000000076b580000,0x00000007ba100000)
  from space 15360K, 100% used [0x00000007bf100000,0x00000007c0000000,0x00000007c0000000)
  to   space 48640K, 0% used [0x00000007ba100000,0x00000007ba100000,0x00000007bd080000)
 ParOldGen       total 264704K, used 264183K [0x00000006c2000000, 0x00000006d2280000, 0x000000076b580000)
  object space 264704K, 99% used [0x00000006c2000000,0x00000006d21fdf80,0x00000006d2280000)
 Metaspace       used 47357K, capacity 49936K, committed 50216K, reserved 1093632K
  class space    used 5544K, capacity 6602K, committed 6704K, reserved 1048576K
Event: 16.357 GC heap after
Heap after GC invocations=53 (full 3):
 PSYoungGen      total 1305088K, used 0K [0x000000076b580000, 0x00000007c0000000, 0x00000007c0000000)
  eden space 1289728K, 0% used [0x000000076b580000,0x000000076b580000,0x00000007ba100000)
  from space 15360K, 0% used [0x00000007bf100000,0x00000007bf100000,0x00000007c0000000)
  to   space 48640K, 0% used [0x00000007ba100000,0x00000007ba100000,0x00000007bd080000)
 ParOldGen       total 264704K, used 210245K [0x00000006c2000000, 0x00000006d2280000, 0x000000076b580000)
  object space 264704K, 79% used [0x00000006c2000000,0x00000006ced51550,0x00000006d2280000)
 Metaspace       used 47357K, capacity 49936K, committed 50216K, reserved 1093632K
  class space    used 5544K, capacity 6602K, committed 6704K, reserved 1048576K
}

Deoptimization events (10 events):
Event: 16.557 Thread 0x0000024a41882000 Uncommon trap: reason=class_check action=maybe_recompile pc=0x0000024a27fc5f64 method=javax.swing.tree.TreePath.hashCode()I @ 4
Event: 16.557 Thread 0x0000024a41882000 Uncommon trap: reason=class_check action=maybe_recompile pc=0x0000024a27fc5f64 method=javax.swing.tree.TreePath.hashCode()I @ 4
Event: 16.557 Thread 0x0000024a41882000 Uncommon trap: reason=class_check action=maybe_recompile pc=0x0000024a27fc1900 method=javax.swing.tree.TreePath.equals(Ljava/lang/Object;)Z @ 46
Event: 16.557 Thread 0x0000024a41882000 Uncommon trap: reason=class_check action=maybe_recompile pc=0x0000024a27fc1900 method=javax.swing.tree.TreePath.equals(Ljava/lang/Object;)Z @ 46
Event: 16.557 Thread 0x0000024a41882000 Uncommon trap: reason=class_check action=maybe_recompile pc=0x0000024a27fc1900 method=javax.swing.tree.TreePath.equals(Ljava/lang/Object;)Z @ 46
Event: 16.557 Thread 0x0000024a41882000 Uncommon trap: reason=class_check action=maybe_recompile pc=0x0000024a27fc1900 method=javax.swing.tree.TreePath.equals(Ljava/lang/Object;)Z @ 46
Event: 16.936 Thread 0x0000024a41882000 Uncommon trap: reason=unstable_if action=reinterpret pc=0x0000024a28170cc0 method=com.st.microxplorer.mcu.IP.getParameterValue(Lcom/st/microxplorer/mcu/RefParameter;Ljava/lang/String;)Ljava/lang/String; @ 1
Event: 16.959 Thread 0x0000024a41882000 Uncommon trap: reason=unstable_if action=reinterpret pc=0x0000024a2836ca98 method=java.beans.PropertyChangeSupport.firePropertyChange(Ljava/lang/String;Ljava/lang/Object;Ljava/lang/Object;)V @ 13
Event: 17.065 Thread 0x0000024a41882000 Uncommon trap: reason=unstable_if action=reinterpret pc=0x0000024a27d36e94 method=com.st.microxplorer.mcu.IP.getParameter(Ljava/lang/String;Ljava/lang/String;)Lcom/st/microxplorer/mcu/RefParameter; @ 46
Event: 17.084 Thread 0x0000024a41882000 Uncommon trap: reason=unstable_if action=reinterpret pc=0x0000024a27160754 method=com.st.microxplorer.mcu.RefParameter.setExist(Ljava/util/List;)V @ 3

Classes redefined (0 events):
No events

Internal exceptions (10 events):
Event: 16.548 Thread 0x0000024a41882000 Exception <a 'java/io/IOException'> (0x000000076ffbd818) thrown at [C:\ws\workspace\jdk-8u265\label\windows-x86_64\type\b8\build\hotspot\src\share\vm\prims\jni.cpp, line 711]
Event: 16.549 Thread 0x0000024a41882000 Exception <a 'java/io/IOException'> (0x000000076ffbf588) thrown at [C:\ws\workspace\jdk-8u265\label\windows-x86_64\type\b8\build\hotspot\src\share\vm\prims\jni.cpp, line 711]
Event: 16.549 Thread 0x0000024a41882000 Exception <a 'java/io/IOException'> (0x000000076ffbf9f8) thrown at [C:\ws\workspace\jdk-8u265\label\windows-x86_64\type\b8\build\hotspot\src\share\vm\prims\jni.cpp, line 711]
Event: 16.549 Thread 0x0000024a41882000 Exception <a 'java/io/IOException'> (0x000000076ffc4798) thrown at [C:\ws\workspace\jdk-8u265\label\windows-x86_64\type\b8\build\hotspot\src\share\vm\prims\jni.cpp, line 711]
Event: 16.549 Thread 0x0000024a41882000 Exception <a 'java/io/IOException'> (0x000000076ffc4c08) thrown at [C:\ws\workspace\jdk-8u265\label\windows-x86_64\type\b8\build\hotspot\src\share\vm\prims\jni.cpp, line 711]
Event: 16.897 Thread 0x0000024a41882000 Exception <a 'java/io/IOException'> (0x000000077229dee0) thrown at [C:\ws\workspace\jdk-8u265\label\windows-x86_64\type\b8\build\hotspot\src\share\vm\prims\jni.cpp, line 711]
Event: 16.897 Thread 0x0000024a41882000 Exception <a 'java/io/IOException'> (0x000000077229e350) thrown at [C:\ws\workspace\jdk-8u265\label\windows-x86_64\type\b8\build\hotspot\src\share\vm\prims\jni.cpp, line 711]
Event: 16.898 Thread 0x0000024a41882000 Exception <a 'java/io/IOException'> (0x00000007722a7838) thrown at [C:\ws\workspace\jdk-8u265\label\windows-x86_64\type\b8\build\hotspot\src\share\vm\prims\jni.cpp, line 711]
Event: 16.898 Thread 0x0000024a41882000 Exception <a 'java/io/IOException'> (0x00000007722a7ca8) thrown at [C:\ws\workspace\jdk-8u265\label\windows-x86_64\type\b8\build\hotspot\src\share\vm\prims\jni.cpp, line 711]
Event: 16.936 Thread 0x0000024a41882000 Implicit null exception at 0x0000024a2816eb99 to 0x0000024a28170ca9

Events (10 events):
Event: 17.070 Thread 0x0000024a40755800 flushing nmethod 0x0000024a28121650
Event: 17.070 Thread 0x0000024a40755800 flushing nmethod 0x0000024a28135b50
Event: 17.070 Thread 0x0000024a40755800 flushing nmethod 0x0000024a2814b6d0
Event: 17.070 Thread 0x0000024a40755800 flushing nmethod 0x0000024a28169c10
Event: 17.070 Thread 0x0000024a40755800 flushing nmethod 0x0000024a2816a090
Event: 17.070 Thread 0x0000024a40755800 flushing nmethod 0x0000024a28172a10
Event: 17.070 Thread 0x0000024a40755800 flushing nmethod 0x0000024a28177290
Event: 17.084 Thread 0x0000024a41882000 Uncommon trap: trap_request=0xffffff65 fr.pc=0x0000024a27160754
Event: 17.084 Thread 0x0000024a41882000 DEOPT PACKING pc=0x0000024a27160754 sp=0x000000e7006fc1f0
Event: 17.084 Thread 0x0000024a41882000 DEOPT UNPACKING pc=0x0000024a26e85583 sp=0x000000e7006fc168 mode 2


Dynamic libraries:
0x00007ff637f50000 - 0x00007ff637f8a000 	E:\Program Files\STMicroelectronics\STM32Cube\STM32CubeMX\jre\bin\javaw.exe
0x00007ffd5b7b0000 - 0x00007ffd5b9a5000 	C:\WINDOWS\SYSTEM32\ntdll.dll
0x00007ffd59e60000 - 0x00007ffd59f1d000 	C:\WINDOWS\System32\KERNEL32.DLL
0x00007ffd59000000 - 0x00007ffd592c8000 	C:\WINDOWS\System32\KERNELBASE.dll
0x00007ffd5a4e0000 - 0x00007ffd5a58c000 	C:\WINDOWS\System32\ADVAPI32.dll
0x00007ffd5b6d0000 - 0x00007ffd5b76e000 	C:\WINDOWS\System32\msvcrt.dll
0x00007ffd5adc0000 - 0x00007ffd5ae5b000 	C:\WINDOWS\System32\sechost.dll
0x00007ffd5b3c0000 - 0x00007ffd5b4eb000 	C:\WINDOWS\System32\RPCRT4.dll
0x00007ffd5b210000 - 0x00007ffd5b3b0000 	C:\WINDOWS\System32\USER32.dll
0x00007ffd595b0000 - 0x00007ffd595d2000 	C:\WINDOWS\System32\win32u.dll
0x00007ffd59e20000 - 0x00007ffd59e4a000 	C:\WINDOWS\System32\GDI32.dll
0x00007ffd596e0000 - 0x00007ffd597eb000 	C:\WINDOWS\System32\gdi32full.dll
0x00007ffd592d0000 - 0x00007ffd5936d000 	C:\WINDOWS\System32\msvcp_win.dll
0x00007ffd595e0000 - 0x00007ffd596e0000 	C:\WINDOWS\System32\ucrtbase.dll
0x00007ffd43460000 - 0x00007ffd436fa000 	C:\WINDOWS\WinSxS\amd64_microsoft.windows.common-controls_6595b64144ccf1df_6.0.19041.844_none_ca00b6081b84eb1d\COMCTL32.dll
0x00007ffd59820000 - 0x00007ffd59850000 	C:\WINDOWS\System32\IMM32.DLL
0x00007ffd35620000 - 0x00007ffd3570f000 	E:\Program Files\STMicroelectronics\STM32Cube\STM32CubeMX\jre\bin\msvcr120.dll
0x00007ffd34ef0000 - 0x00007ffd34f96000 	E:\Program Files\STMicroelectronics\STM32Cube\STM32CubeMX\jre\bin\msvcp120.dll
0x0000000051e00000 - 0x00000000525fc000 	E:\Program Files\STMicroelectronics\STM32Cube\STM32CubeMX\jre\bin\server\jvm.dll
0x00007ffd5b3b0000 - 0x00007ffd5b3b8000 	C:\WINDOWS\System32\PSAPI.DLL
0x00007ffd51a20000 - 0x00007ffd51a2a000 	C:\WINDOWS\SYSTEM32\VERSION.dll
0x00007ffd43ca0000 - 0x00007ffd43cc7000 	C:\WINDOWS\SYSTEM32\WINMM.dll
0x00007ffd54e00000 - 0x00007ffd54e09000 	C:\WINDOWS\SYSTEM32\WSOCK32.dll
0x00007ffd59fa0000 - 0x00007ffd5a00b000 	C:\WINDOWS\System32\WS2_32.dll
0x00007ffd53580000 - 0x00007ffd5358f000 	E:\Program Files\STMicroelectronics\STM32Cube\STM32CubeMX\jre\bin\verify.dll
0x00007ffd41120000 - 0x00007ffd41148000 	E:\Program Files\STMicroelectronics\STM32Cube\STM32CubeMX\jre\bin\java.dll
0x00007ffd4fc80000 - 0x00007ffd4fc96000 	E:\Program Files\STMicroelectronics\STM32Cube\STM32CubeMX\jre\bin\zip.dll
0x00007ffd5a680000 - 0x00007ffd5adbf000 	C:\WINDOWS\System32\SHELL32.dll
0x00007ffd57060000 - 0x00007ffd577f0000 	C:\WINDOWS\SYSTEM32\windows.storage.dll
0x00007ffd59970000 - 0x00007ffd59cc5000 	C:\WINDOWS\System32\combase.dll
0x00007ffd58960000 - 0x00007ffd5898c000 	C:\WINDOWS\SYSTEM32\Wldp.dll
0x00007ffd5b160000 - 0x00007ffd5b20e000 	C:\WINDOWS\System32\SHCORE.dll
0x00007ffd59dc0000 - 0x00007ffd59e15000 	C:\WINDOWS\System32\shlwapi.dll
0x00007ffd58e30000 - 0x00007ffd58e4f000 	C:\WINDOWS\SYSTEM32\profapi.dll
0x00007ffd2f710000 - 0x00007ffd2f8a5000 	E:\Program Files\STMicroelectronics\STM32Cube\STM32CubeMX\jre\bin\awt.dll
0x00007ffd5a5b0000 - 0x00007ffd5a67d000 	C:\WINDOWS\System32\OLEAUT32.dll
0x00007ffd56850000 - 0x00007ffd568e0000 	C:\WINDOWS\SYSTEM32\apphelp.dll
0x00007ffd588a0000 - 0x00007ffd588b8000 	C:\WINDOWS\SYSTEM32\CRYPTSP.dll
0x00007ffd57fa0000 - 0x00007ffd57fd4000 	C:\WINDOWS\system32\rsaenh.dll
0x00007ffd597f0000 - 0x00007ffd59817000 	C:\WINDOWS\System32\bcrypt.dll
0x00007ffd58df0000 - 0x00007ffd58e1e000 	C:\WINDOWS\SYSTEM32\USERENV.dll
0x00007ffd593c0000 - 0x00007ffd59443000 	C:\WINDOWS\System32\bcryptprimitives.dll
0x00007ffd588c0000 - 0x00007ffd588cc000 	C:\WINDOWS\SYSTEM32\CRYPTBASE.dll
0x00007ffd4bfe0000 - 0x00007ffd4bffa000 	E:\Program Files\STMicroelectronics\STM32Cube\STM32CubeMX\jre\bin\net.dll
0x00007ffd586d0000 - 0x00007ffd5873a000 	C:\WINDOWS\system32\mswsock.dll
0x00007ffd58350000 - 0x00007ffd5838b000 	C:\WINDOWS\SYSTEM32\IPHLPAPI.DLL
0x00007ffd59e50000 - 0x00007ffd59e58000 	C:\WINDOWS\System32\NSI.dll
0x00007ffd51230000 - 0x00007ffd51247000 	C:\WINDOWS\SYSTEM32\dhcpcsvc6.DLL
0x00007ffd51210000 - 0x00007ffd5122d000 	C:\WINDOWS\SYSTEM32\dhcpcsvc.DLL
0x00007ffd58390000 - 0x00007ffd5845c000 	C:\WINDOWS\SYSTEM32\DNSAPI.dll
0x00007ffd4bdd0000 - 0x00007ffd4bde2000 	E:\Program Files\STMicroelectronics\STM32Cube\STM32CubeMX\jre\bin\nio.dll
0x00007ffd569a0000 - 0x00007ffd56a3e000 	C:\WINDOWS\system32\uxtheme.dll
0x00007ffd59850000 - 0x00007ffd59965000 	C:\WINDOWS\System32\MSCTF.dll
0x00007ffd5b4f0000 - 0x00007ffd5b61a000 	C:\WINDOWS\System32\ole32.dll
0x00007ffd56e60000 - 0x00007ffd56e72000 	C:\WINDOWS\SYSTEM32\kernel.appcore.dll
0x00007ffd56c80000 - 0x00007ffd56caf000 	C:\WINDOWS\system32\DWMAPI.DLL
0x00007ffd42f90000 - 0x00007ffd430b6000 	C:\WINDOWS\system32\opengl32.dll
0x00007ffd42f60000 - 0x00007ffd42f8c000 	C:\WINDOWS\SYSTEM32\GLU32.dll
0x00007ffd2f180000 - 0x00007ffd2f213000 	E:\Program Files\STMicroelectronics\STM32Cube\STM32CubeMX\jre\bin\freetype.dll
0x00007ffd2f0c0000 - 0x00007ffd2f17d000 	E:\Program Files\STMicroelectronics\STM32Cube\STM32CubeMX\jre\bin\fontmanager.dll
0x00007ffd512d0000 - 0x00007ffd512da000 	C:\Windows\System32\rasadhlp.dll
0x00007ffd53570000 - 0x00007ffd5357d000 	E:\Program Files\STMicroelectronics\STM32Cube\STM32CubeMX\jre\bin\management.dll
0x00007ffd3d1c0000 - 0x00007ffd3d1d7000 	C:\WINDOWS\system32\napinsp.dll
0x00007ffd3d1a0000 - 0x00007ffd3d1bb000 	C:\WINDOWS\system32\pnrpnsp.dll
0x00007ffd53eb0000 - 0x00007ffd53ec5000 	C:\WINDOWS\system32\wshbth.dll
0x00007ffd54910000 - 0x00007ffd5492d000 	C:\WINDOWS\system32\NLAapi.dll
0x00007ffd3d180000 - 0x00007ffd3d192000 	C:\WINDOWS\System32\winrnr.dll
0x00007ffd4bb70000 - 0x00007ffd4bbef000 	C:\WINDOWS\System32\fwpuclnt.dll
0x00007ffd41000000 - 0x00007ffd4102a000 	E:\Program Files\STMicroelectronics\STM32Cube\STM32CubeMX\jre\bin\jpeg.dll
0x00007ffd57c30000 - 0x00007ffd57c63000 	C:\WINDOWS\SYSTEM32\ntmarta.dll
0x00007ffd5b620000 - 0x00007ffd5b6c9000 	C:\WINDOWS\System32\clbcatq.dll
0x00007ffd535a0000 - 0x00007ffd53754000 	C:\WINDOWS\SYSTEM32\WindowsCodecs.dll
0x00007ffd42dc0000 - 0x00007ffd42dfe000 	C:\WINDOWS\system32\dataexchange.dll
0x00007ffd54ed0000 - 0x00007ffd55134000 	C:\WINDOWS\system32\d3d11.dll
0x00007ffd55cc0000 - 0x00007ffd55ea6000 	C:\WINDOWS\system32\dcomp.dll
0x00007ffd57830000 - 0x00007ffd57924000 	C:\WINDOWS\system32\dxgi.dll
0x00007ffd53790000 - 0x00007ffd53991000 	C:\WINDOWS\system32\twinapi.appcore.dll
0x00007ffd41f90000 - 0x00007ffd42089000 	C:\WINDOWS\SYSTEM32\textinputframework.dll
0x00007ffd56250000 - 0x00007ffd565ae000 	C:\WINDOWS\System32\CoreUIComponents.dll
0x00007ffd565b0000 - 0x00007ffd566a2000 	C:\WINDOWS\System32\CoreMessaging.dll
0x00007ffd55b60000 - 0x00007ffd55cb4000 	C:\WINDOWS\SYSTEM32\wintypes.dll
0x00007ffd2e9c0000 - 0x00007ffd2ea26000 	C:\WINDOWS\system32\Oleacc.dll

VM Arguments:
java_command: com.st.microxplorer.maingui.STM32CubeMX C:\Users\YHF\Desktop\TCB_V1\TCB_V1.ioc
java_class_path (initial): E:\Program Files\STMicroelectronics\STM32Cube\STM32CubeMX\STM32CubeMX.exe;anything
Launcher Type: SUN_STANDARD

Environment Variables:
PATH=E:\Program Files\STMicroelectronics\STM32Cube\STM32CubeMX\;C:\Program Files (x86)\Common Files\Oracle\Java\javapath;C:\WINDOWS\system32;C:\WINDOWS;C:\WINDOWS\System32\Wbem;C:\WINDOWS\System32\WindowsPowerShell\v1.0\;C:\WINDOWS\System32\OpenSSH\;C:\Program Files (x86)\STMicroelectronics\STM32 ST-LINK Utility\ST-LINK Utility;G:\Programs\Python\Python37-32\Scripts\;G:\Programs\Python\Python37-32\;E:\Programs\Microsoft VS Code\bin;C:\MinGW\bin;C:\Program Files (x86)\GNU Tools Arm Embedded\7 2018-q2-update\bin;C:\Users\YHF\AppData\Roaming\Python\Python37\Scripts;E:\Espressif\Esp32\msys32\mingw32\bin\;D:\Program Files\MATLAB\R2021a\bin;E:\Program Files (x86)\GNU Tools ARM Embedded\5.4 2016q3\bin;G:\Programs\Python\Python37-32\Scripts\;G:\Programs\Python\Python37-32\;C:\Users\YHF\AppData\Local\Microsoft\WindowsApps;E:\Programs\Microsoft VS Code\bin;C:\MinGW\bin;C:\Program Files (x86)\GNU Tools Arm Embedded\7 2018-q2-update\bin;C:\Users\YHF\AppData\Roaming\Python\Python37\Scripts;E:\Espressif\Esp32\msys32\mingw32\bin;E:\Espressif\Esp32\msys32\opt\xtensa-lx106-elf\bin;E:\Program Files\Git\bin;;E:\Program Files\STMicroelectronics\STM32Cube\STM32CubeMX\.\jre\\bin
USERNAME=YHF
OS=Windows_NT
PROCESSOR_IDENTIFIER=Intel64 Family 6 Model 94 Stepping 3, GenuineIntel



---------------  S Y S T E M  ---------------

OS: Windows 10.0 , 64 bit Build 19041 (10.0.19041.1023)

CPU:total 4 (initial active 4) (2 cores per cpu, 2 threads per core) family 6 model 94 stepping 3, cmov, cx8, fxsr, mmx, sse, sse2, sse3, ssse3, sse4.1, sse4.2, popcnt, avx, avx2, aes, clmul, erms, 3dnowpref, lzcnt, ht, tsc, tscinvbit, bmi1, bmi2, adx

Memory: 4k page, physical 16642916k(5843936k free), swap 29673372k(4k free)

vm_info: OpenJDK 64-Bit Server VM (25.265-b01) for windows-amd64 JRE (1.8.0_265-b01), built on Jul 28 2020 07:21:05 by "hudson" with MS VC++ 12.0 (VS2013)

time: Sun Jun 20 04:28:58 2021
timezone: ?D1¨²¡À¨º¡Á?¨º¡À??
elapsed time: 17 seconds (0d 0h 0m 17s)

